<?xml version="1.0" encoding="UTF-8"?>
<!-- Generated by org.testng.reporters.JUnitReportReporter -->
<testsuite hostname="vk" failures="0" tests="12" name="MyData.MainProgram" time="3.453" errors="1" timestamp="2023-09-30T13:14:22 IST" skipped="11">
  <testcase classname="MyData.MainProgram" name="launchWebsite" time="3.452">
    <error message="Could not start a new session. Possible causes are invalid address of the remote server or browser start-up failure. 
Host info: host: &#039;VK&#039;, ip: &#039;192.168.113.99&#039;
Build info: version: &#039;4.13.0&#039;, revision: &#039;ba948ece5b*&#039;
System info: os.name: &#039;Windows 11&#039;, os.arch: &#039;amd64&#039;, os.version: &#039;10.0&#039;, java.version: &#039;17.0.7&#039;
Driver info: org.openqa.selenium.edge.EdgeDriver
Command: [null, newSession {capabilities=[Capabilities {browserName: MicrosoftEdge, ms:edgeOptions: {args: [--remote-allow-origins=*], extensions: []}}]}]" type="org.openqa.selenium.SessionNotCreatedException">
      <![CDATA[org.openqa.selenium.SessionNotCreatedException: Could not start a new session. Possible causes are invalid address of the remote server or browser start-up failure. 
Host info: host: 'VK', ip: '192.168.113.99'
Build info: version: '4.13.0', revision: 'ba948ece5b*'
System info: os.name: 'Windows 11', os.arch: 'amd64', os.version: '10.0', java.version: '17.0.7'
Driver info: org.openqa.selenium.edge.EdgeDriver
Command: [null, newSession {capabilities=[Capabilities {browserName: MicrosoftEdge, ms:edgeOptions: {args: [--remote-allow-origins=*], extensions: []}}]}]
at org.openqa.selenium.remote.RemoteWebDriver.execute(RemoteWebDriver.java:620)
at org.openqa.selenium.remote.RemoteWebDriver.startSession(RemoteWebDriver.java:236)
at org.openqa.selenium.remote.RemoteWebDriver.<init>(RemoteWebDriver.java:163)
at org.openqa.selenium.chromium.ChromiumDriver.<init>(ChromiumDriver.java:108)
at org.openqa.selenium.edge.EdgeDriver.<init>(EdgeDriver.java:60)
at org.openqa.selenium.edge.EdgeDriver.<init>(EdgeDriver.java:56)
at org.openqa.selenium.edge.EdgeDriver.<init>(EdgeDriver.java:48)
at org.openqa.selenium.edge.EdgeDriver.<init>(EdgeDriver.java:44)
at MyData.REuse.launchApp(REuse.java:22)
at MyData.MainProgram.launchWebsite(MainProgram.java:18)
at java.base/jdk.internal.reflect.NativeMethodAccessorImpl.invoke0(Native Method)
at java.base/jdk.internal.reflect.NativeMethodAccessorImpl.invoke(NativeMethodAccessorImpl.java:77)
at java.base/jdk.internal.reflect.DelegatingMethodAccessorImpl.invoke(DelegatingMethodAccessorImpl.java:43)
at java.base/java.lang.reflect.Method.invoke(Method.java:568)
at org.testng.internal.invokers.MethodInvocationHelper.invokeMethod(MethodInvocationHelper.java:139)
at org.testng.internal.invokers.MethodInvocationHelper.invokeMethodConsideringTimeout(MethodInvocationHelper.java:69)
at org.testng.internal.invokers.ConfigInvoker.invokeConfigurationMethod(ConfigInvoker.java:390)
at org.testng.internal.invokers.ConfigInvoker.invokeConfigurations(ConfigInvoker.java:325)
at org.testng.internal.invokers.TestMethodWorker.invokeBeforeClassMethods(TestMethodWorker.java:180)
at org.testng.internal.invokers.TestMethodWorker.run(TestMethodWorker.java:122)
at java.base/java.util.ArrayList.forEach(ArrayList.java:1511)
at org.testng.TestRunner.privateRun(TestRunner.java:848)
at org.testng.TestRunner.run(TestRunner.java:621)
at org.testng.SuiteRunner.runTest(SuiteRunner.java:443)
at org.testng.SuiteRunner.runSequentially(SuiteRunner.java:437)
at org.testng.SuiteRunner.privateRun(SuiteRunner.java:397)
at org.testng.SuiteRunner.run(SuiteRunner.java:336)
at org.testng.SuiteRunnerWorker.runSuite(SuiteRunnerWorker.java:52)
at org.testng.SuiteRunnerWorker.run(SuiteRunnerWorker.java:95)
at org.testng.TestNG.runSuitesSequentially(TestNG.java:1280)
at org.testng.TestNG.runSuitesLocally(TestNG.java:1200)
at org.testng.TestNG.runSuites(TestNG.java:1114)
at org.testng.TestNG.run(TestNG.java:1082)
at org.testng.remote.AbstractRemoteTestNG.run(AbstractRemoteTestNG.java:115)
at org.testng.remote.RemoteTestNG.initAndRun(RemoteTestNG.java:251)
at org.testng.remote.RemoteTestNG.main(RemoteTestNG.java:77)
Caused by: java.lang.NoSuchMethodError: 'void com.google.common.base.Throwables.throwIfUnchecked(java.lang.Throwable)'
at org.openqa.selenium.remote.service.DriverCommandExecutor.execute(DriverCommandExecutor.java:188)
at org.openqa.selenium.remote.RemoteWebDriver.execute(RemoteWebDriver.java:602)
... 35 more
]]>
    </error>
  </testcase> <!-- launchWebsite -->
  <testcase classname="MyData.MainProgram" name="checkPIM" time="0.000">
    <skipped/>
  </testcase> <!-- checkPIM -->
  <testcase classname="MyData.MainProgram" name="openPIM" time="0.000">
    <skipped/>
  </testcase> <!-- openPIM -->
  <testcase classname="MyData.MainProgram" name="checkPIMName" time="0.000">
    <skipped/>
  </testcase> <!-- checkPIMName -->
  <testcase classname="MyData.MainProgram" name="checkEmpListDisplay" time="0.000">
    <skipped/>
  </testcase> <!-- checkEmpListDisplay -->
  <testcase classname="MyData.MainProgram" name="clickEmpList" time="0.000">
    <skipped/>
  </testcase> <!-- clickEmpList -->
  <testcase classname="MyData.MainProgram" name="checkResetBtn" time="0.000">
    <skipped/>
  </testcase> <!-- checkResetBtn -->
  <testcase classname="MyData.MainProgram" name="checkSearchBtn" time="0.000">
    <skipped/>
  </testcase> <!-- checkSearchBtn -->
  <testcase classname="MyData.MainProgram" name="checkAddBtn" time="0.000">
    <skipped/>
  </testcase> <!-- checkAddBtn -->
  <testcase classname="MyData.MainProgram" name="checkHelpBtn" time="0.000">
    <skipped/>
  </testcase> <!-- checkHelpBtn -->
  <testcase classname="MyData.MainProgram" name="checkHelpFunct" time="0.000">
    <skipped/>
  </testcase> <!-- checkHelpFunct -->
  <testcase classname="MyData.MainProgram" name="checkAddBtnFunct" time="0.001">
    <skipped/>
  </testcase> <!-- checkAddBtnFunct -->
</testsuite> <!-- MyData.MainProgram -->
